<?xml version="1.0" encoding="UTF-8"?>
<testng-results skipped="0" failed="0" ignored="0" total="0" passed="0">
  <reporter-output>
  </reporter-output>
  <suite name="restAssuredApi.com.ApiFunctionalTest" duration-ms="3" started-at="2017-10-20T19:17:56Z" finished-at="2017-10-20T19:17:56Z">
    <groups>
    </groups>
    <test name="Command line test" duration-ms="3" started-at="2017-10-20T19:17:56Z" finished-at="2017-10-20T19:17:56Z">
    </test> <!-- Command line test -->
  </suite> <!-- restAssuredApi.com.ApiFunctionalTest -->
</testng-results>
